#! /usr/bin/vvp
:ivl_version "11.0 (stable)";
:ivl_delay_selection "TYPICAL";
:vpi_time_precision - 12;
:vpi_module "/usr/lib/x86_64-linux-gnu/ivl/system.vpi";
:vpi_module "/usr/lib/x86_64-linux-gnu/ivl/vhdl_sys.vpi";
:vpi_module "/usr/lib/x86_64-linux-gnu/ivl/vhdl_textio.vpi";
:vpi_module "/usr/lib/x86_64-linux-gnu/ivl/v2005_math.vpi";
:vpi_module "/usr/lib/x86_64-linux-gnu/ivl/va_math.vpi";
:vpi_module "/usr/lib/x86_64-linux-gnu/ivl/v2009.vpi";
S_0x5641d1c56cf0 .scope package, "$unit" "$unit" 2 1;
 .timescale 0 0;
S_0x5641d1c56e80 .scope module, "mouse_tb" "mouse_tb" 3 4;
 .timescale -9 -12;
P_0x5641d1ca2270 .param/l "CANVAS_HEIGHT" 1 3 7, +C4<00000000000000000000001011010000>;
P_0x5641d1ca22b0 .param/l "CANVAS_WIDTH" 1 3 6, +C4<00000000000000000000000101101000>;
v0x5641d1ce67f0_0 .net "click", 0 0, v0x5641d1ce56b0_0;  1 drivers
v0x5641d1ce68e0_0 .var "clk_in", 0 0;
v0x5641d1ce6980_0 .var "clk_ps2_raw", 0 0;
v0x5641d1ce6a70_0 .net "mouse_dx", 7 0, v0x5641d1ce5aa0_0;  1 drivers
v0x5641d1ce6b10_0 .net "mouse_dy", 7 0, v0x5641d1ce5b60_0;  1 drivers
v0x5641d1ce6c00_0 .net "mouse_x", 8 0, v0x5641d1ce5c40_0;  1 drivers
v0x5641d1ce6cd0_0 .net "mouse_y", 9 0, v0x5641d1ce5d20_0;  1 drivers
v0x5641d1ce6da0_0 .var "ps2_data", 0 0;
v0x5641d1ce6e70_0 .var "rst_in", 0 0;
S_0x5641d1caf260 .scope begin, "$ivl_for_loop0" "$ivl_for_loop0" 3 58, 3 58 0, S_0x5641d1c56e80;
 .timescale -9 -12;
v0x5641d1cbecd0_0 .var/2s "i", 31 0;
S_0x5641d1ce4500 .scope module, "ms" "mouse" 3 30, 4 4 0, S_0x5641d1c56e80;
 .timescale -9 -12;
    .port_info 0 /INPUT 1 "clk_in";
    .port_info 1 /INPUT 1 "clk_ps2_raw";
    .port_info 2 /INPUT 1 "ps2_data";
    .port_info 3 /INPUT 1 "rst_in";
    .port_info 4 /OUTPUT 1 "click";
    .port_info 5 /OUTPUT 8 "mouse_dx";
    .port_info 6 /OUTPUT 8 "mouse_dy";
    .port_info 7 /OUTPUT 9 "mouse_x";
    .port_info 8 /OUTPUT 10 "mouse_y";
P_0x5641d1ca28c0 .param/l "CANVAS_HEIGHT" 0 4 6, +C4<00000000000000000000001011010000>;
P_0x5641d1ca2900 .param/l "CANVAS_WIDTH" 0 4 5, +C4<00000000000000000000000101101000>;
enum0x5641d1c57b80 .enum4 (3)
   "IDLE" 3'b000,
   "DATA" 3'b001,
   "PARITY" 3'b010,
   "STOP" 3'b011
 ;
enum0x5641d1c584e0 .enum4 (2)
   "STATUS" 2'b00,
   "X_DATA" 2'b01,
   "Y_DATA" 2'b10
 ;
v0x5641d1ce5410_0 .net *"_ivl_0", 1 0, L_0x5641d1ce7000;  1 drivers
L_0x7fa97b254018 .functor BUFT 1, C4<10>, C4<0>, C4<0>, C4<0>;
v0x5641d1ce5510_0 .net/2u *"_ivl_2", 1 0, L_0x7fa97b254018;  1 drivers
v0x5641d1ce55f0_0 .var "btype", 1 0;
v0x5641d1ce56b0_0 .var "click", 0 0;
v0x5641d1ce5770_0 .net "clk_in", 0 0, v0x5641d1ce68e0_0;  1 drivers
v0x5641d1ce5860_0 .net "clk_ps2", 0 0, L_0x5641d1ce6f10;  1 drivers
v0x5641d1ce5930_0 .net "clk_ps2_raw", 0 0, v0x5641d1ce6980_0;  1 drivers
v0x5641d1ce5a00_0 .net "data", 7 0, L_0x5641d1ce7270;  1 drivers
v0x5641d1ce5aa0_0 .var "mouse_dx", 7 0;
v0x5641d1ce5b60_0 .var "mouse_dy", 7 0;
v0x5641d1ce5c40_0 .var "mouse_x", 8 0;
v0x5641d1ce5d20_0 .var "mouse_y", 9 0;
v0x5641d1ce5e00_0 .net "neg_ps2_edge", 0 0, L_0x5641d1ce7100;  1 drivers
v0x5641d1ce5ec0_0 .var "new_mouse_x", 8 0;
v0x5641d1ce5fa0_0 .var "new_mouse_y", 9 0;
v0x5641d1ce6080_0 .var "num_data_bits", 3 0;
v0x5641d1ce6160_0 .var "prev_clk_ps2", 0 0;
v0x5641d1ce6220_0 .net "ps2_data", 0 0, v0x5641d1ce6da0_0;  1 drivers
v0x5641d1ce62e0_0 .net "rst_in", 0 0, v0x5641d1ce6e70_0;  1 drivers
v0x5641d1ce63b0_0 .var "sign_x", 0 0;
v0x5641d1ce6450_0 .var "sign_y", 0 0;
v0x5641d1ce6510_0 .var "state", 2 0;
v0x5641d1ce65f0_0 .var "stream", 10 0;
E_0x5641d1ca4450/0 .event edge, v0x5641d1ce63b0_0, v0x5641d1ce5a00_0, v0x5641d1ce5c40_0, v0x5641d1ce6450_0;
E_0x5641d1ca4450/1 .event edge, v0x5641d1ce5d20_0;
E_0x5641d1ca4450 .event/or E_0x5641d1ca4450/0, E_0x5641d1ca4450/1;
L_0x5641d1ce7000 .concat [ 1 1 0 0], L_0x5641d1ce6f10, v0x5641d1ce6160_0;
L_0x5641d1ce7100 .cmp/eq 2, L_0x5641d1ce7000, L_0x7fa97b254018;
L_0x5641d1ce7270 .part v0x5641d1ce65f0_0, 2, 8;
S_0x5641d1ce4940 .scope module, "sync" "synchronizer" 4 37, 5 11 0, S_0x5641d1ce4500;
 .timescale -9 -12;
    .port_info 0 /INPUT 1 "clk_in";
    .port_info 1 /INPUT 1 "rst_in";
    .port_info 2 /INPUT 1 "us_in";
    .port_info 3 /OUTPUT 1 "s_out";
P_0x5641d1ce4b20 .param/l "SYNC_DEPTH" 0 5 11, +C4<00000000000000000000000000000010>;
v0x5641d1ce4f30_0 .net "clk_in", 0 0, v0x5641d1ce68e0_0;  alias, 1 drivers
v0x5641d1ce5010_0 .net "rst_in", 0 0, v0x5641d1ce6e70_0;  alias, 1 drivers
v0x5641d1ce50d0_0 .net "s_out", 0 0, L_0x5641d1ce6f10;  alias, 1 drivers
v0x5641d1ce51a0_0 .var "sync", 1 0;
v0x5641d1ce5280_0 .net "us_in", 0 0, v0x5641d1ce6980_0;  alias, 1 drivers
E_0x5641d1ca4620 .event posedge, v0x5641d1ce4f30_0;
L_0x5641d1ce6f10 .part v0x5641d1ce51a0_0, 0, 1;
S_0x5641d1ce4c30 .scope begin, "$ivl_for_loop1" "$ivl_for_loop1" 5 24, 5 24 0, S_0x5641d1ce4940;
 .timescale -9 -12;
v0x5641d1ce4e30_0 .var/2s "i", 31 0;
    .scope S_0x5641d1ce4940;
T_0 ;
    %wait E_0x5641d1ca4620;
    %load/vec4 v0x5641d1ce5010_0;
    %flag_set/vec4 8;
    %jmp/0xz  T_0.0, 8;
    %load/vec4 v0x5641d1ce5280_0;
    %replicate 2;
    %assign/vec4 v0x5641d1ce51a0_0, 0;
    %jmp T_0.1;
T_0.0 ;
    %load/vec4 v0x5641d1ce5280_0;
    %ix/load 4, 1, 0;
    %ix/load 5, 0, 0;
    %flag_set/imm 4, 0;
    %assign/vec4/off/d v0x5641d1ce51a0_0, 4, 5;
    %fork t_1, S_0x5641d1ce4c30;
    %jmp t_0;
    .scope S_0x5641d1ce4c30;
t_1 ;
    %pushi/vec4 1, 0, 32;
    %store/vec4 v0x5641d1ce4e30_0, 0, 32;
T_0.2 ;
    %load/vec4 v0x5641d1ce4e30_0;
    %cmpi/s 2, 0, 32;
    %jmp/0xz T_0.3, 5;
    %load/vec4 v0x5641d1ce51a0_0;
    %load/vec4 v0x5641d1ce4e30_0;
    %part/s 1;
    %ix/load 5, 0, 0;
    %load/vec4 v0x5641d1ce4e30_0;
    %subi 1, 0, 32;
    %ix/vec4/s 4;
    %assign/vec4/off/d v0x5641d1ce51a0_0, 4, 5;
    %load/vec4 v0x5641d1ce4e30_0;
    %addi 1, 0, 32;
    %cast2;
    %store/vec4 v0x5641d1ce4e30_0, 0, 32;
    %jmp T_0.2;
T_0.3 ;
    %end;
    .scope S_0x5641d1ce4940;
t_0 %join;
T_0.1 ;
    %jmp T_0;
    .thread T_0;
    .scope S_0x5641d1ce4500;
T_1 ;
Ewait_0 .event/or E_0x5641d1ca4450, E_0x0;
    %wait Ewait_0;
    %load/vec4 v0x5641d1ce63b0_0;
    %flag_set/vec4 8;
    %jmp/0xz  T_1.0, 8;
    %load/vec4 v0x5641d1ce5c40_0;
    %load/vec4 v0x5641d1ce5a00_0;
    %pad/u 9;
    %cmp/u;
    %jmp/0xz  T_1.2, 5;
    %pushi/vec4 0, 0, 9;
    %store/vec4 v0x5641d1ce5ec0_0, 0, 9;
    %jmp T_1.3;
T_1.2 ;
    %load/vec4 v0x5641d1ce5c40_0;
    %load/vec4 v0x5641d1ce5a00_0;
    %pad/u 9;
    %sub;
    %store/vec4 v0x5641d1ce5ec0_0, 0, 9;
T_1.3 ;
    %jmp T_1.1;
T_1.0 ;
    %load/vec4 v0x5641d1ce5a00_0;
    %pad/u 32;
    %load/vec4 v0x5641d1ce5c40_0;
    %pad/u 32;
    %add;
    %cmpi/u 360, 0, 32;
    %flag_inv 5; GE is !LT
    %jmp/0xz  T_1.4, 5;
    %pushi/vec4 359, 0, 9;
    %store/vec4 v0x5641d1ce5ec0_0, 0, 9;
    %jmp T_1.5;
T_1.4 ;
    %load/vec4 v0x5641d1ce5a00_0;
    %pad/u 9;
    %load/vec4 v0x5641d1ce5c40_0;
    %add;
    %store/vec4 v0x5641d1ce5ec0_0, 0, 9;
T_1.5 ;
T_1.1 ;
    %load/vec4 v0x5641d1ce6450_0;
    %flag_set/vec4 8;
    %jmp/0xz  T_1.6, 8;
    %load/vec4 v0x5641d1ce5d20_0;
    %load/vec4 v0x5641d1ce5a00_0;
    %pad/u 10;
    %cmp/u;
    %jmp/0xz  T_1.8, 5;
    %pushi/vec4 0, 0, 10;
    %store/vec4 v0x5641d1ce5fa0_0, 0, 10;
    %jmp T_1.9;
T_1.8 ;
    %load/vec4 v0x5641d1ce5d20_0;
    %load/vec4 v0x5641d1ce5a00_0;
    %pad/u 10;
    %sub;
    %store/vec4 v0x5641d1ce5fa0_0, 0, 10;
T_1.9 ;
    %jmp T_1.7;
T_1.6 ;
    %load/vec4 v0x5641d1ce5a00_0;
    %pad/u 32;
    %load/vec4 v0x5641d1ce5d20_0;
    %pad/u 32;
    %add;
    %cmpi/u 360, 0, 32;
    %flag_inv 5; GE is !LT
    %jmp/0xz  T_1.10, 5;
    %pushi/vec4 359, 0, 10;
    %store/vec4 v0x5641d1ce5fa0_0, 0, 10;
    %jmp T_1.11;
T_1.10 ;
    %load/vec4 v0x5641d1ce5a00_0;
    %pad/u 10;
    %load/vec4 v0x5641d1ce5d20_0;
    %add;
    %store/vec4 v0x5641d1ce5fa0_0, 0, 10;
T_1.11 ;
T_1.7 ;
    %jmp T_1;
    .thread T_1, $push;
    .scope S_0x5641d1ce4500;
T_2 ;
    %wait E_0x5641d1ca4620;
    %load/vec4 v0x5641d1ce5860_0;
    %assign/vec4 v0x5641d1ce6160_0, 0;
    %load/vec4 v0x5641d1ce62e0_0;
    %flag_set/vec4 8;
    %jmp/0xz  T_2.0, 8;
    %pushi/vec4 0, 0, 8;
    %assign/vec4 v0x5641d1ce5aa0_0, 0;
    %pushi/vec4 0, 0, 8;
    %assign/vec4 v0x5641d1ce5b60_0, 0;
    %pushi/vec4 0, 0, 9;
    %assign/vec4 v0x5641d1ce5c40_0, 0;
    %pushi/vec4 0, 0, 10;
    %assign/vec4 v0x5641d1ce5d20_0, 0;
    %pushi/vec4 0, 0, 1;
    %assign/vec4 v0x5641d1ce63b0_0, 0;
    %pushi/vec4 0, 0, 1;
    %assign/vec4 v0x5641d1ce6450_0, 0;
    %pushi/vec4 0, 0, 3;
    %assign/vec4 v0x5641d1ce6510_0, 0;
    %pushi/vec4 0, 0, 2;
    %assign/vec4 v0x5641d1ce55f0_0, 0;
    %pushi/vec4 0, 0, 4;
    %assign/vec4 v0x5641d1ce6080_0, 0;
    %jmp T_2.1;
T_2.0 ;
    %load/vec4 v0x5641d1ce5e00_0;
    %flag_set/vec4 8;
    %jmp/0xz  T_2.2, 8;
    %load/vec4 v0x5641d1ce6220_0;
    %load/vec4 v0x5641d1ce65f0_0;
    %parti/s 10, 1, 2;
    %concat/vec4; draw_concat_vec4
    %assign/vec4 v0x5641d1ce65f0_0, 0;
    %load/vec4 v0x5641d1ce6510_0;
    %cmpi/e 1, 0, 3;
    %flag_mov 8, 4;
    %jmp/0 T_2.4, 8;
    %load/vec4 v0x5641d1ce6080_0;
    %addi 1, 0, 4;
    %jmp/1 T_2.5, 8;
T_2.4 ; End of true expr.
    %pushi/vec4 0, 0, 4;
    %jmp/0 T_2.5, 8;
 ; End of false expr.
    %blend;
T_2.5;
    %assign/vec4 v0x5641d1ce6080_0, 0;
    %load/vec4 v0x5641d1ce6510_0;
    %dup/vec4;
    %pushi/vec4 0, 0, 3;
    %cmp/u;
    %jmp/1 T_2.6, 6;
    %dup/vec4;
    %pushi/vec4 1, 0, 3;
    %cmp/u;
    %jmp/1 T_2.7, 6;
    %dup/vec4;
    %pushi/vec4 2, 0, 3;
    %cmp/u;
    %jmp/1 T_2.8, 6;
    %dup/vec4;
    %pushi/vec4 3, 0, 3;
    %cmp/u;
    %jmp/1 T_2.9, 6;
    %jmp T_2.10;
T_2.6 ;
    %load/vec4 v0x5641d1ce6220_0;
    %pad/u 32;
    %cmpi/e 0, 0, 32;
    %jmp/0xz  T_2.11, 4;
    %pushi/vec4 1, 0, 3;
    %assign/vec4 v0x5641d1ce6510_0, 0;
T_2.11 ;
    %jmp T_2.10;
T_2.7 ;
    %load/vec4 v0x5641d1ce6080_0;
    %pad/u 32;
    %cmpi/e 7, 0, 32;
    %jmp/0xz  T_2.13, 4;
    %pushi/vec4 2, 0, 3;
    %assign/vec4 v0x5641d1ce6510_0, 0;
T_2.13 ;
    %jmp T_2.10;
T_2.8 ;
    %pushi/vec4 3, 0, 3;
    %assign/vec4 v0x5641d1ce6510_0, 0;
    %jmp T_2.10;
T_2.9 ;
    %load/vec4 v0x5641d1ce55f0_0;
    %cmpi/e 2, 0, 2;
    %jmp/0xz  T_2.15, 4;
    %pushi/vec4 0, 0, 3;
    %assign/vec4 v0x5641d1ce6510_0, 0;
    %pushi/vec4 0, 0, 2;
    %assign/vec4 v0x5641d1ce55f0_0, 0;
    %load/vec4 v0x5641d1ce65f0_0;
    %parti/s 8, 2, 3;
    %assign/vec4 v0x5641d1ce5b60_0, 0;
    %load/vec4 v0x5641d1ce5fa0_0;
    %assign/vec4 v0x5641d1ce5d20_0, 0;
    %jmp T_2.16;
T_2.15 ;
    %pushi/vec4 1, 0, 3;
    %assign/vec4 v0x5641d1ce6510_0, 0;
    %load/vec4 v0x5641d1ce55f0_0;
    %cmpi/e 0, 0, 2;
    %jmp/0xz  T_2.17, 4;
    %pushi/vec4 1, 0, 2;
    %assign/vec4 v0x5641d1ce55f0_0, 0;
    %load/vec4 v0x5641d1ce65f0_0;
    %parti/s 1, 2, 3;
    %assign/vec4 v0x5641d1ce56b0_0, 0;
    %load/vec4 v0x5641d1ce65f0_0;
    %parti/s 1, 6, 4;
    %assign/vec4 v0x5641d1ce63b0_0, 0;
    %load/vec4 v0x5641d1ce65f0_0;
    %parti/s 1, 7, 4;
    %assign/vec4 v0x5641d1ce6450_0, 0;
    %jmp T_2.18;
T_2.17 ;
    %load/vec4 v0x5641d1ce55f0_0;
    %cmpi/e 1, 0, 2;
    %jmp/0xz  T_2.19, 4;
    %pushi/vec4 2, 0, 2;
    %assign/vec4 v0x5641d1ce55f0_0, 0;
    %load/vec4 v0x5641d1ce65f0_0;
    %parti/s 8, 2, 3;
    %assign/vec4 v0x5641d1ce5aa0_0, 0;
    %load/vec4 v0x5641d1ce5ec0_0;
    %assign/vec4 v0x5641d1ce5c40_0, 0;
T_2.19 ;
T_2.18 ;
T_2.16 ;
    %jmp T_2.10;
T_2.10 ;
    %pop/vec4 1;
T_2.2 ;
T_2.1 ;
    %jmp T_2;
    .thread T_2;
    .scope S_0x5641d1c56e80;
T_3 ;
    %delay 5000, 0;
    %load/vec4 v0x5641d1ce68e0_0;
    %nor/r;
    %store/vec4 v0x5641d1ce68e0_0, 0, 1;
    %jmp T_3;
    .thread T_3;
    .scope S_0x5641d1c56e80;
T_4 ;
    %delay 500000, 0;
    %load/vec4 v0x5641d1ce6980_0;
    %nor/r;
    %store/vec4 v0x5641d1ce6980_0, 0, 1;
    %jmp T_4;
    .thread T_4;
    .scope S_0x5641d1c56e80;
T_5 ;
    %vpi_call/w 3 43 "$dumpfile", "mouse.vcd" {0 0 0};
    %vpi_call/w 3 44 "$dumpvars", 32'sb00000000000000000000000000000000, S_0x5641d1c56e80 {0 0 0};
    %vpi_call/w 3 45 "$display", "Starting mouse sim" {0 0 0};
    %pushi/vec4 0, 0, 1;
    %store/vec4 v0x5641d1ce68e0_0, 0, 1;
    %pushi/vec4 0, 0, 1;
    %store/vec4 v0x5641d1ce6980_0, 0, 1;
    %pushi/vec4 0, 0, 1;
    %store/vec4 v0x5641d1ce6e70_0, 0, 1;
    %pushi/vec4 1, 0, 1;
    %store/vec4 v0x5641d1ce6da0_0, 0, 1;
    %delay 10000, 0;
    %pushi/vec4 1, 0, 1;
    %store/vec4 v0x5641d1ce6e70_0, 0, 1;
    %delay 10000, 0;
    %pushi/vec4 0, 0, 1;
    %store/vec4 v0x5641d1ce6e70_0, 0, 1;
    %delay 10000, 0;
    %pushi/vec4 0, 0, 1;
    %store/vec4 v0x5641d1ce6da0_0, 0, 1;
    %delay 1000000, 0;
    %fork t_3, S_0x5641d1caf260;
    %jmp t_2;
    .scope S_0x5641d1caf260;
t_3 ;
    %pushi/vec4 0, 0, 32;
    %store/vec4 v0x5641d1cbecd0_0, 0, 32;
T_5.0 ;
    %load/vec4 v0x5641d1cbecd0_0;
    %cmpi/s 8, 0, 32;
    %jmp/0xz T_5.1, 5;
    %pushi/vec4 0, 0, 1;
    %store/vec4 v0x5641d1ce6da0_0, 0, 1;
    %delay 1000000, 0;
    ; show_stmt_assign_vector: Get l-value for compressed += operand
    %load/vec4 v0x5641d1cbecd0_0;
    %pushi/vec4 1, 0, 32;
    %add;
    %cast2;
    %store/vec4 v0x5641d1cbecd0_0, 0, 32;
    %jmp T_5.0;
T_5.1 ;
    %end;
    .scope S_0x5641d1c56e80;
t_2 %join;
    %pushi/vec4 1, 0, 1;
    %store/vec4 v0x5641d1ce6da0_0, 0, 1;
    %delay 1000000, 0;
    %pushi/vec4 1, 0, 1;
    %store/vec4 v0x5641d1ce6da0_0, 0, 1;
    %delay 1000000, 0;
    %pushi/vec4 0, 0, 1;
    %store/vec4 v0x5641d1ce6da0_0, 0, 1;
    %pushi/vec4 0, 0, 1;
    %store/vec4 v0x5641d1ce6da0_0, 0, 1;
    %delay 1000000, 0;
    %pushi/vec4 1, 0, 1;
    %store/vec4 v0x5641d1ce6da0_0, 0, 1;
    %delay 1000000, 0;
    %pushi/vec4 0, 0, 1;
    %store/vec4 v0x5641d1ce6da0_0, 0, 1;
    %delay 1000000, 0;
    %pushi/vec4 1, 0, 1;
    %store/vec4 v0x5641d1ce6da0_0, 0, 1;
    %delay 1000000, 0;
    %pushi/vec4 0, 0, 1;
    %store/vec4 v0x5641d1ce6da0_0, 0, 1;
    %delay 1000000, 0;
    %pushi/vec4 1, 0, 1;
    %store/vec4 v0x5641d1ce6da0_0, 0, 1;
    %delay 1000000, 0;
    %pushi/vec4 0, 0, 1;
    %store/vec4 v0x5641d1ce6da0_0, 0, 1;
    %delay 1000000, 0;
    %pushi/vec4 1, 0, 1;
    %store/vec4 v0x5641d1ce6da0_0, 0, 1;
    %delay 1000000, 0;
    %pushi/vec4 1, 0, 1;
    %store/vec4 v0x5641d1ce6da0_0, 0, 1;
    %delay 1000000, 0;
    %pushi/vec4 1, 0, 1;
    %store/vec4 v0x5641d1ce6da0_0, 0, 1;
    %delay 1000000, 0;
    %pushi/vec4 0, 0, 1;
    %store/vec4 v0x5641d1ce6da0_0, 0, 1;
    %pushi/vec4 1, 0, 1;
    %store/vec4 v0x5641d1ce6da0_0, 0, 1;
    %delay 1000000, 0;
    %pushi/vec4 0, 0, 1;
    %store/vec4 v0x5641d1ce6da0_0, 0, 1;
    %delay 1000000, 0;
    %pushi/vec4 1, 0, 1;
    %store/vec4 v0x5641d1ce6da0_0, 0, 1;
    %delay 1000000, 0;
    %pushi/vec4 0, 0, 1;
    %store/vec4 v0x5641d1ce6da0_0, 0, 1;
    %delay 1000000, 0;
    %pushi/vec4 1, 0, 1;
    %store/vec4 v0x5641d1ce6da0_0, 0, 1;
    %delay 1000000, 0;
    %pushi/vec4 0, 0, 1;
    %store/vec4 v0x5641d1ce6da0_0, 0, 1;
    %delay 1000000, 0;
    %pushi/vec4 1, 0, 1;
    %store/vec4 v0x5641d1ce6da0_0, 0, 1;
    %delay 1000000, 0;
    %pushi/vec4 0, 0, 1;
    %store/vec4 v0x5641d1ce6da0_0, 0, 1;
    %delay 1000000, 0;
    %pushi/vec4 1, 0, 1;
    %store/vec4 v0x5641d1ce6da0_0, 0, 1;
    %delay 1000000, 0;
    %pushi/vec4 1, 0, 1;
    %store/vec4 v0x5641d1ce6da0_0, 0, 1;
    %delay 3000000, 0;
    %pushi/vec4 0, 0, 1;
    %store/vec4 v0x5641d1ce6da0_0, 0, 1;
    %delay 1000000, 0;
    %pushi/vec4 1, 0, 1;
    %store/vec4 v0x5641d1ce6da0_0, 0, 1;
    %delay 1000000, 0;
    %pushi/vec4 0, 0, 1;
    %store/vec4 v0x5641d1ce6da0_0, 0, 1;
    %delay 1000000, 0;
    %pushi/vec4 1, 0, 1;
    %store/vec4 v0x5641d1ce6da0_0, 0, 1;
    %delay 1000000, 0;
    %pushi/vec4 0, 0, 1;
    %store/vec4 v0x5641d1ce6da0_0, 0, 1;
    %delay 1000000, 0;
    %pushi/vec4 0, 0, 1;
    %store/vec4 v0x5641d1ce6da0_0, 0, 1;
    %delay 1000000, 0;
    %pushi/vec4 1, 0, 1;
    %store/vec4 v0x5641d1ce6da0_0, 0, 1;
    %delay 1000000, 0;
    %pushi/vec4 1, 0, 1;
    %store/vec4 v0x5641d1ce6da0_0, 0, 1;
    %delay 1000000, 0;
    %pushi/vec4 0, 0, 1;
    %store/vec4 v0x5641d1ce6da0_0, 0, 1;
    %delay 1000000, 0;
    %pushi/vec4 1, 0, 1;
    %store/vec4 v0x5641d1ce6da0_0, 0, 1;
    %delay 1000000, 0;
    %pushi/vec4 1, 0, 1;
    %store/vec4 v0x5641d1ce6da0_0, 0, 1;
    %delay 1000000, 0;
    %pushi/vec4 0, 0, 1;
    %store/vec4 v0x5641d1ce6da0_0, 0, 1;
    %pushi/vec4 1, 0, 1;
    %store/vec4 v0x5641d1ce6da0_0, 0, 1;
    %delay 1000000, 0;
    %pushi/vec4 1, 0, 1;
    %store/vec4 v0x5641d1ce6da0_0, 0, 1;
    %delay 1000000, 0;
    %pushi/vec4 1, 0, 1;
    %store/vec4 v0x5641d1ce6da0_0, 0, 1;
    %delay 1000000, 0;
    %pushi/vec4 1, 0, 1;
    %store/vec4 v0x5641d1ce6da0_0, 0, 1;
    %delay 1000000, 0;
    %pushi/vec4 1, 0, 1;
    %store/vec4 v0x5641d1ce6da0_0, 0, 1;
    %delay 1000000, 0;
    %pushi/vec4 1, 0, 1;
    %store/vec4 v0x5641d1ce6da0_0, 0, 1;
    %delay 1000000, 0;
    %pushi/vec4 1, 0, 1;
    %store/vec4 v0x5641d1ce6da0_0, 0, 1;
    %delay 1000000, 0;
    %pushi/vec4 1, 0, 1;
    %store/vec4 v0x5641d1ce6da0_0, 0, 1;
    %delay 1000000, 0;
    %pushi/vec4 1, 0, 1;
    %store/vec4 v0x5641d1ce6da0_0, 0, 1;
    %delay 1000000, 0;
    %pushi/vec4 1, 0, 1;
    %store/vec4 v0x5641d1ce6da0_0, 0, 1;
    %delay 1000000, 0;
    %pushi/vec4 0, 0, 1;
    %store/vec4 v0x5641d1ce6da0_0, 0, 1;
    %pushi/vec4 1, 0, 1;
    %store/vec4 v0x5641d1ce6da0_0, 0, 1;
    %delay 1000000, 0;
    %pushi/vec4 1, 0, 1;
    %store/vec4 v0x5641d1ce6da0_0, 0, 1;
    %delay 1000000, 0;
    %pushi/vec4 1, 0, 1;
    %store/vec4 v0x5641d1ce6da0_0, 0, 1;
    %delay 1000000, 0;
    %pushi/vec4 1, 0, 1;
    %store/vec4 v0x5641d1ce6da0_0, 0, 1;
    %delay 1000000, 0;
    %pushi/vec4 1, 0, 1;
    %store/vec4 v0x5641d1ce6da0_0, 0, 1;
    %delay 1000000, 0;
    %pushi/vec4 1, 0, 1;
    %store/vec4 v0x5641d1ce6da0_0, 0, 1;
    %delay 1000000, 0;
    %pushi/vec4 1, 0, 1;
    %store/vec4 v0x5641d1ce6da0_0, 0, 1;
    %delay 1000000, 0;
    %pushi/vec4 1, 0, 1;
    %store/vec4 v0x5641d1ce6da0_0, 0, 1;
    %delay 1000000, 0;
    %pushi/vec4 1, 0, 1;
    %store/vec4 v0x5641d1ce6da0_0, 0, 1;
    %delay 1000000, 0;
    %pushi/vec4 1, 0, 1;
    %store/vec4 v0x5641d1ce6da0_0, 0, 1;
    %delay 3000000, 0;
    %vpi_call/w 3 117 "$display", "Finishing mouse sim" {0 0 0};
    %vpi_call/w 3 118 "$finish" {0 0 0};
    %end;
    .thread T_5;
# The file index is used to find the file name in the following table.
:file_names 6;
    "N/A";
    "<interactive>";
    "-";
    "sim/mouse_tb.sv";
    "hdl/mouse.sv";
    "hdl/synchronizer.sv";
